f:\vs代码工程\adtlearning\adtlearning\debug\vc120.pdb
f:\vs代码工程\adtlearning\adtlearning\debug\vc120.idb
f:\vs代码工程\adtlearning\adtlearning\debug\arr_martrix.obj
f:\vs代码工程\adtlearning\adtlearning\debug\avl.obj
f:\vs代码工程\adtlearning\adtlearning\debug\cmp.obj
f:\vs代码工程\adtlearning\adtlearning\debug\c_plus_1.obj
f:\vs代码工程\adtlearning\adtlearning\debug\c_plus_plus.obj
f:\vs代码工程\adtlearning\adtlearning\debug\c_plus_stl.obj
f:\vs代码工程\adtlearning\adtlearning\debug\genlist.obj
f:\vs代码工程\adtlearning\adtlearning\debug\heap.obj
f:\vs代码工程\adtlearning\adtlearning\debug\leftheap.obj
f:\vs代码工程\adtlearning\adtlearning\debug\ls.obj
f:\vs代码工程\adtlearning\adtlearning\debug\main.obj
f:\vs代码工程\adtlearning\adtlearning\debug\parent_sibling.obj
f:\vs代码工程\adtlearning\adtlearning\debug\queue.obj
f:\vs代码工程\adtlearning\adtlearning\debug\set.obj
f:\vs代码工程\adtlearning\adtlearning\debug\test.obj
f:\vs代码工程\adtlearning\adtlearning\debug\threadtree.obj
f:\vs代码工程\adtlearning\adtlearning\debug\tree.obj
f:\vs代码工程\adtlearning\adtlearning\debug\week2.obj
f:\vs代码工程\adtlearning\adtlearning\debug\week3.obj
f:\vs代码工程\adtlearning\adtlearning\debug\ajacentmatrix.obj
f:\vs代码工程\adtlearning\adtlearning\debug\alu.obj
f:\vs代码工程\adtlearning\adtlearning\debug\bst.obj
f:\vs代码工程\adtlearning\debug\adtlearning.ilk
f:\vs代码工程\adtlearning\debug\adtlearning.exe
f:\vs代码工程\adtlearning\debug\adtlearning.pdb
f:\vs代码工程\adtlearning\adtlearning\debug\adtlearning.tlog\cl.command.1.tlog
f:\vs代码工程\adtlearning\adtlearning\debug\adtlearning.tlog\cl.read.1.tlog
f:\vs代码工程\adtlearning\adtlearning\debug\adtlearning.tlog\cl.write.1.tlog
f:\vs代码工程\adtlearning\adtlearning\debug\adtlearning.tlog\link.command.1.tlog
f:\vs代码工程\adtlearning\adtlearning\debug\adtlearning.tlog\link.read.1.tlog
f:\vs代码工程\adtlearning\adtlearning\debug\adtlearning.tlog\link.write.1.tlog
