f:\java文件\adt\adt\adt_since_10_30_2018\adt_since_10_30_2018\debug\vc120.pdb
f:\java文件\adt\adt\adt_since_10_30_2018\adt_since_10_30_2018\debug\vc120.idb
f:\java文件\adt\adt\adt_since_10_30_2018\adt_since_10_30_2018\debug\alu.obj
f:\java文件\adt\adt\adt_since_10_30_2018\adt_since_10_30_2018\debug\cache.obj
f:\java文件\adt\adt\adt_since_10_30_2018\adt_since_10_30_2018\debug\dic.obj
f:\java文件\adt\adt\adt_since_10_30_2018\adt_since_10_30_2018\debug\errorcode.obj
f:\java文件\adt\adt\adt_since_10_30_2018\adt_since_10_30_2018\debug\fpu.obj
f:\java文件\adt\adt\adt_since_10_30_2018\adt_since_10_30_2018\debug\hashtable.obj
f:\java文件\adt\adt\adt_since_10_30_2018\adt_since_10_30_2018\debug\main.obj
f:\java文件\adt\adt\adt_since_10_30_2018\adt_since_10_30_2018\debug\maxsubsequence.obj
f:\java文件\adt\adt\adt_since_10_30_2018\adt_since_10_30_2018\debug\poly.obj
f:\java文件\adt\adt\adt_since_10_30_2018\adt_since_10_30_2018\debug\popsequence.obj
f:\java文件\adt\adt\adt_since_10_30_2018\adt_since_10_30_2018\debug\reverselinkedlist.obj
f:\java文件\adt\adt\adt_since_10_30_2018\adt_since_10_30_2018\debug\set.obj
f:\java文件\adt\adt\adt_since_10_30_2018\adt_since_10_30_2018\debug\sibling.obj
f:\java文件\adt\adt\adt_since_10_30_2018\adt_since_10_30_2018\debug\treeisomorphism.obj
f:\java文件\adt\adt\adt_since_10_30_2018\adt_since_10_30_2018\debug\treetranversalagain.obj
f:\java文件\adt\adt\adt_since_10_30_2018\debug\adt_since_10_30_2018.pdb
f:\java文件\adt\adt\adt_since_10_30_2018\adt_since_10_30_2018\debug\adt_sinc.9c71e31a.tlog\cl.command.1.tlog
f:\java文件\adt\adt\adt_since_10_30_2018\adt_since_10_30_2018\debug\adt_sinc.9c71e31a.tlog\cl.read.1.tlog
f:\java文件\adt\adt\adt_since_10_30_2018\adt_since_10_30_2018\debug\adt_sinc.9c71e31a.tlog\cl.write.1.tlog
f:\java文件\adt\adt\adt_since_10_30_2018\adt_since_10_30_2018\debug\adt_sinc.9c71e31a.tlog\link-cvtres.read.1.tlog
f:\java文件\adt\adt\adt_since_10_30_2018\adt_since_10_30_2018\debug\adt_sinc.9c71e31a.tlog\link-cvtres.write.1.tlog
f:\java文件\adt\adt\adt_since_10_30_2018\adt_since_10_30_2018\debug\adt_sinc.9c71e31a.tlog\link-rc.read.1.tlog
f:\java文件\adt\adt\adt_since_10_30_2018\adt_since_10_30_2018\debug\adt_sinc.9c71e31a.tlog\link-rc.write.1.tlog
f:\java文件\adt\adt\adt_since_10_30_2018\adt_since_10_30_2018\debug\adt_sinc.9c71e31a.tlog\link.command.1.tlog
f:\java文件\adt\adt\adt_since_10_30_2018\adt_since_10_30_2018\debug\adt_sinc.9c71e31a.tlog\link.read.1.tlog
f:\java文件\adt\adt\adt_since_10_30_2018\adt_since_10_30_2018\debug\adt_sinc.9c71e31a.tlog\link.write.1.tlog
