Build started 2018/11/11 15:27:10.
     1>Project "F:\JAVA文件\ADT\ADT\ADT_since_10_30_2018\ADT_since_10_30_2018\ADT_since_10_30_2018.vcxproj" on node 2 (Build target(s)).
     1>ClCompile:
         D:\VS 2013\VC\bin\CL.exe /c /ZI /nologo /W3 /WX- /sdl /Od /Oy- /D WIN32 /D _DEBUG /D _CONSOLE /D _LIB /D _UNICODE /D UNICODE /Gm /EHsc /RTC1 /MDd /GS /fp:precise /Zc:wchar_t /Zc:forScope /Fo"Debug\\" /Fd"Debug\vc120.pdb" /Gd /TP /analyze- /errorReport:prompt ReverseLinkedList.cpp
         ReverseLinkedList.cpp
       Link:
         D:\VS 2013\VC\bin\link.exe /ERRORREPORT:PROMPT /OUT:"F:\JAVA文件\ADT\ADT\ADT_since_10_30_2018\Debug\ADT_since_10_30_2018.exe" /INCREMENTAL /NOLOGO kernel32.lib user32.lib gdi32.lib winspool.lib comdlg32.lib advapi32.lib shell32.lib ole32.lib oleaut32.lib uuid.lib odbc32.lib odbccp32.lib /MANIFEST /MANIFESTUAC:"level='asInvoker' uiAccess='false'" /manifest:embed /DEBUG /PDB:"F:\JAVA文件\ADT\ADT\ADT_since_10_30_2018\Debug\ADT_since_10_30_2018.pdb" /SUBSYSTEM:CONSOLE /TLBID:1 /DYNAMICBASE /NXCOMPAT /IMPLIB:"F:\JAVA文件\ADT\ADT\ADT_since_10_30_2018\Debug\ADT_since_10_30_2018.lib" /MACHINE:X86 Debug\ALU.obj
         Debug\cache.obj
         Debug\Dic.obj
         Debug\errorCode.obj
         Debug\fpu.obj
         Debug\HashTable.obj
         Debug\main.obj
         Debug\MaxSubsequence.obj
         Debug\Poly.obj
         Debug\ReverseLinkedList.obj
         Debug\Set.obj
         Debug\Sibling.obj
         ADT_since_10_30_2018.vcxproj -> F:\JAVA文件\ADT\ADT\ADT_since_10_30_2018\Debug\ADT_since_10_30_2018.exe
     1>Done Building Project "F:\JAVA文件\ADT\ADT\ADT_since_10_30_2018\ADT_since_10_30_2018\ADT_since_10_30_2018.vcxproj" (Build target(s)).

Build succeeded.

Time Elapsed 00:00:00.60
