Build started 2018/11/29 11:07:53.
     1>Project "F:\JAVA文件\ADT\ADT\Graph\Graph\Graph.vcxproj" on node 2 (Build target(s)).
     1>ClCompile:
         D:\VS 2013\VC\bin\CL.exe /c /ZI /nologo /W3 /WX- /sdl /Od /Oy- /D WIN32 /D _DEBUG /D _CONSOLE /D _LIB /D _UNICODE /D UNICODE /Gm /EHsc /RTC1 /MDd /GS /fp:precise /Zc:wchar_t /Zc:forScope /Fo"Debug\\" /Fd"Debug\vc120.pdb" /Gd /TP /analyze- /errorReport:prompt Graph.cpp main.cpp search.cpp shortest_path.cpp Topological.cpp
         Topological.cpp
         Generating Code...
         Compiling...
         shortest_path.cpp
         search.cpp
         main.cpp
         Graph.cpp
         Generating Code...
       Link:
         D:\VS 2013\VC\bin\link.exe /ERRORREPORT:PROMPT /OUT:"F:\JAVA文件\ADT\ADT\Graph\Debug\Graph.exe" /INCREMENTAL /NOLOGO kernel32.lib user32.lib gdi32.lib winspool.lib comdlg32.lib advapi32.lib shell32.lib ole32.lib oleaut32.lib uuid.lib odbc32.lib odbccp32.lib /MANIFEST /MANIFESTUAC:"level='asInvoker' uiAccess='false'" /manifest:embed /DEBUG /PDB:"F:\JAVA文件\ADT\ADT\Graph\Debug\Graph.pdb" /SUBSYSTEM:CONSOLE /TLBID:1 /DYNAMICBASE /NXCOMPAT /IMPLIB:"F:\JAVA文件\ADT\ADT\Graph\Debug\Graph.lib" /MACHINE:X86 Debug\Graph.obj
         Debug\main.obj
         Debug\search.obj
         Debug\shortest_path.obj
         Debug\Topological.obj
         Graph.vcxproj -> F:\JAVA文件\ADT\ADT\Graph\Debug\Graph.exe
     1>Done Building Project "F:\JAVA文件\ADT\ADT\Graph\Graph\Graph.vcxproj" (Build target(s)).

Build succeeded.

Time Elapsed 00:00:02.34
